2022-08-29 11:49:08.451 DEBUG 94484 --- [           main] o.s.orm.jpa.JpaTransactionManager        : Creating new transaction with name [org.springframework.data.jpa.repository.support.SimpleJpaRepository.save]: PROPAGATION_REQUIRED,ISOLATION_DEFAULT
2022-08-29 11:49:08.452 DEBUG 94484 --- [           main] o.s.orm.jpa.JpaTransactionManager        : Opened new EntityManager [SessionImpl(1255012071<open>)] for JPA transaction
2022-08-29 11:49:08.456 DEBUG 94484 --- [           main] o.h.e.t.internal.TransactionImpl         : On TransactionImpl creation, JpaCompliance#isJpaTransactionComplianceEnabled == false
2022-08-29 11:49:08.457 DEBUG 94484 --- [           main] o.h.e.t.internal.TransactionImpl         : begin
2022-08-29 11:49:08.461 DEBUG 94484 --- [           main] o.s.orm.jpa.JpaTransactionManager        : Exposing JPA transaction as JDBC [org.springframework.orm.jpa.vendor.HibernateJpaDialect$HibernateConnectionHandle@20923380]
2022-08-29 11:49:08.461 TRACE 94484 --- [           main] o.s.t.i.TransactionInterceptor           : Getting transaction for [org.springframework.data.jpa.repository.support.SimpleJpaRepository.save]
2022-08-29 11:49:08.474 DEBUG 94484 --- [           main] org.hibernate.SQL                        :
    call next value for hibernate_sequence
Hibernate:
    call next value for hibernate_sequence
2022-08-29 11:49:08.482 DEBUG 94484 --- [           main] o.h.id.enhanced.SequenceStructure        : Sequence value obtained: 1
2022-08-29 11:49:08.482 DEBUG 94484 --- [           main] o.h.r.j.i.ResourceRegistryStandardImpl   : HHH000387: ResultSet's statement was not registered
2022-08-29 11:49:08.487 DEBUG 94484 --- [           main] o.h.e.i.AbstractSaveEventListener        : Generated identifier: 1, using strategy: org.hibernate.id.enhanced.SequenceStyleGenerator
2022-08-29 11:49:08.498 TRACE 94484 --- [           main] o.s.t.i.TransactionInterceptor           : Completing transaction for [org.springframework.data.jpa.repository.support.SimpleJpaRepository.save]
2022-08-29 11:49:08.500 DEBUG 94484 --- [           main] o.s.orm.jpa.JpaTransactionManager        : Initiating transaction commit
2022-08-29 11:49:08.500 DEBUG 94484 --- [           main] o.s.orm.jpa.JpaTransactionManager        : Committing JPA transaction on EntityManager [SessionImpl(1255012071<open>)]
2022-08-29 11:49:08.500 DEBUG 94484 --- [           main] o.h.e.t.internal.TransactionImpl         : committing
2022-08-29 11:49:08.501 DEBUG 94484 --- [           main] o.h.e.i.AbstractFlushingEventListener    : Processing flush-time cascades
2022-08-29 11:49:08.501 DEBUG 94484 --- [           main] o.h.e.i.AbstractFlushingEventListener    : Dirty checking collections
2022-08-29 11:49:08.505 DEBUG 94484 --- [           main] o.h.e.i.AbstractFlushingEventListener    : Flushed: 1 insertions, 0 updates, 0 deletions to 1 objects
2022-08-29 11:49:08.505 DEBUG 94484 --- [           main] o.h.e.i.AbstractFlushingEventListener    : Flushed: 0 (re)creations, 0 updates, 0 removals to 0 collections
2022-08-29 11:49:08.506 DEBUG 94484 --- [           main] o.hibernate.internal.util.EntityPrinter  : Listing entities:
2022-08-29 11:49:08.507 DEBUG 94484 --- [           main] o.hibernate.internal.util.EntityPrinter  : me.iseunghan.testjpa.domain.Member{name=null, id=1, team=null}
2022-08-29 11:49:08.508 DEBUG 94484 --- [           main] org.hibernate.SQL                        :
    insert
    into
        member
        (name, team_id, id)
    values
        (?, ?, ?)
Hibernate:
    insert
    into
        member
        (name, team_id, id)
    values
        (?, ?, ?)
2022-08-29 11:49:08.511 TRACE 94484 --- [           main] o.h.type.descriptor.sql.BasicBinder      : binding parameter [1] as [VARCHAR] - [null]
2022-08-29 11:49:08.511 TRACE 94484 --- [           main] o.h.type.descriptor.sql.BasicBinder      : binding parameter [2] as [BIGINT] - [null]
2022-08-29 11:49:08.511 TRACE 94484 --- [           main] o.h.type.descriptor.sql.BasicBinder      : binding parameter [3] as [BIGINT] - [1]
2022-08-29 11:49:08.516 DEBUG 94484 --- [           main] o.s.orm.jpa.JpaTransactionManager        : Closing JPA EntityManager [SessionImpl(1255012071<open>)] after transaction
2022-08-29 11:49:08.517 DEBUG 94484 --- [           main] o.s.orm.jpa.JpaTransactionManager        : Creating new transaction with name [me.iseunghan.testjpa.domain.MemberService.call_NOT_SUPPORTED_Tx]: PROPAGATION_REQUIRED,ISOLATION_DEFAULT
2022-08-29 11:49:08.517 DEBUG 94484 --- [           main] o.s.orm.jpa.JpaTransactionManager        : Opened new EntityManager [SessionImpl(106050729<open>)] for JPA transaction
2022-08-29 11:49:08.517 DEBUG 94484 --- [           main] o.h.e.t.internal.TransactionImpl         : On TransactionImpl creation, JpaCompliance#isJpaTransactionComplianceEnabled == false
2022-08-29 11:49:08.517 DEBUG 94484 --- [           main] o.h.e.t.internal.TransactionImpl         : begin
2022-08-29 11:49:08.518 DEBUG 94484 --- [           main] o.s.orm.jpa.JpaTransactionManager        : Exposing JPA transaction as JDBC [org.springframework.orm.jpa.vendor.HibernateJpaDialect$HibernateConnectionHandle@4004bfba]
2022-08-29 11:49:08.518 TRACE 94484 --- [           main] o.s.t.i.TransactionInterceptor           : Getting transaction for [me.iseunghan.testjpa.domain.MemberService.call_NOT_SUPPORTED_Tx]
----------------
2022-08-29 11:49:08.545 DEBUG 94484 --- [           main] o.s.orm.jpa.JpaTransactionManager        : Found thread-bound EntityManager [SessionImpl(106050729<open>)] for JPA transaction
2022-08-29 11:49:08.546 DEBUG 94484 --- [           main] o.s.orm.jpa.JpaTransactionManager        : Participating in existing transaction
2022-08-29 11:49:08.546 TRACE 94484 --- [           main] o.s.t.i.TransactionInterceptor           : Getting transaction for [org.springframework.data.jpa.repository.support.SimpleJpaRepository.findById]
2022-08-29 11:49:08.554 DEBUG 94484 --- [           main] org.hibernate.SQL                        :
    select
        member0_.id as id1_0_0_,
        member0_.name as name2_0_0_,
        member0_.team_id as team_id3_0_0_
    from
        member member0_
    where
        member0_.id=?
Hibernate:
    select
        member0_.id as id1_0_0_,
        member0_.name as name2_0_0_,
        member0_.team_id as team_id3_0_0_
    from
        member member0_
    where
        member0_.id=?
2022-08-29 11:49:08.557 TRACE 94484 --- [           main] o.h.type.descriptor.sql.BasicBinder      : binding parameter [1] as [BIGINT] - [1]
2022-08-29 11:49:08.561 DEBUG 94484 --- [           main] l.p.e.p.i.EntityReferenceInitializerImpl : On call to EntityIdentifierReaderImpl#resolve, EntityKey was already known; should only happen on root returns with an optional identifier specified
2022-08-29 11:49:08.566 DEBUG 94484 --- [           main] o.h.engine.internal.TwoPhaseLoad         : Resolving attributes for [me.iseunghan.testjpa.domain.Member#1]
2022-08-29 11:49:08.567 DEBUG 94484 --- [           main] o.h.engine.internal.TwoPhaseLoad         : Processing attribute `name` : value = null
2022-08-29 11:49:08.567 DEBUG 94484 --- [           main] o.h.engine.internal.TwoPhaseLoad         : Attribute (`name`)  - enhanced for lazy-loading? - false
2022-08-29 11:49:08.567 DEBUG 94484 --- [           main] o.h.engine.internal.TwoPhaseLoad         : Processing attribute `team` : value = null
2022-08-29 11:49:08.567 DEBUG 94484 --- [           main] o.h.engine.internal.TwoPhaseLoad         : Attribute (`team`)  - enhanced for lazy-loading? - false
2022-08-29 11:49:08.567 DEBUG 94484 --- [           main] o.h.engine.internal.TwoPhaseLoad         : Done materializing entity [me.iseunghan.testjpa.domain.Member#1]
2022-08-29 11:49:08.567 DEBUG 94484 --- [           main] .l.e.p.AbstractLoadPlanBasedEntityLoader : Done entity load : me.iseunghan.testjpa.domain.Member#1
2022-08-29 11:49:08.568 TRACE 94484 --- [           main] o.s.t.i.TransactionInterceptor           : Completing transaction for [org.springframework.data.jpa.repository.support.SimpleJpaRepository.findById]
2022-08-29 11:49:08.568 DEBUG 94484 --- [           main] o.s.orm.jpa.JpaTransactionManager        : Found thread-bound EntityManager [SessionImpl(106050729<open>)] for JPA transaction
2022-08-29 11:49:08.568 DEBUG 94484 --- [           main] o.s.orm.jpa.JpaTransactionManager        : Suspending current transaction
2022-08-29 11:49:08.568 TRACE 94484 --- [           main] o.s.t.i.TransactionInterceptor           : Getting transaction for [me.iseunghan.testjpa.domain.TeamService.기존_트랜잭션_중지_후_트랜잭션_없이_진행]
NOT_SUPPORTED---------------
2022-08-29 11:49:08.589 DEBUG 94484 --- [           main] o.s.orm.jpa.JpaTransactionManager        : Creating new transaction with name [org.springframework.data.jpa.repository.support.SimpleJpaRepository.findById]: PROPAGATION_REQUIRED,ISOLATION_DEFAULT,readOnly
2022-08-29 11:49:08.589 DEBUG 94484 --- [           main] o.s.orm.jpa.JpaTransactionManager        : Opened new EntityManager [SessionImpl(449256327<open>)] for JPA transaction
2022-08-29 11:49:08.595 DEBUG 94484 --- [           main] o.h.e.t.internal.TransactionImpl         : On TransactionImpl creation, JpaCompliance#isJpaTransactionComplianceEnabled == false
2022-08-29 11:49:08.596 DEBUG 94484 --- [           main] o.h.e.t.internal.TransactionImpl         : begin
2022-08-29 11:49:08.597 DEBUG 94484 --- [           main] o.s.orm.jpa.JpaTransactionManager        : Exposing JPA transaction as JDBC [org.springframework.orm.jpa.vendor.HibernateJpaDialect$HibernateConnectionHandle@f348e10]
2022-08-29 11:49:08.597 TRACE 94484 --- [           main] o.s.t.i.TransactionInterceptor           : Getting transaction for [org.springframework.data.jpa.repository.support.SimpleJpaRepository.findById]
2022-08-29 11:49:08.598 DEBUG 94484 --- [           main] org.hibernate.SQL                        :
    select
        member0_.id as id1_0_0_,
        member0_.name as name2_0_0_,
        member0_.team_id as team_id3_0_0_
    from
        member member0_
    where
        member0_.id=?
Hibernate:
    select
        member0_.id as id1_0_0_,
        member0_.name as name2_0_0_,
        member0_.team_id as team_id3_0_0_
    from
        member member0_
    where
        member0_.id=?
2022-08-29 11:49:08.600 TRACE 94484 --- [           main] o.h.type.descriptor.sql.BasicBinder      : binding parameter [1] as [BIGINT] - [1]
2022-08-29 11:49:08.601 DEBUG 94484 --- [           main] l.p.e.p.i.EntityReferenceInitializerImpl : On call to EntityIdentifierReaderImpl#resolve, EntityKey was already known; should only happen on root returns with an optional identifier specified
2022-08-29 11:49:08.601 DEBUG 94484 --- [           main] o.h.engine.internal.TwoPhaseLoad         : Resolving attributes for [me.iseunghan.testjpa.domain.Member#1]
2022-08-29 11:49:08.601 DEBUG 94484 --- [           main] o.h.engine.internal.TwoPhaseLoad         : Processing attribute `name` : value = null
2022-08-29 11:49:08.601 DEBUG 94484 --- [           main] o.h.engine.internal.TwoPhaseLoad         : Attribute (`name`)  - enhanced for lazy-loading? - false
2022-08-29 11:49:08.601 DEBUG 94484 --- [           main] o.h.engine.internal.TwoPhaseLoad         : Processing attribute `team` : value = null
2022-08-29 11:49:08.601 DEBUG 94484 --- [           main] o.h.engine.internal.TwoPhaseLoad         : Attribute (`team`)  - enhanced for lazy-loading? - false
2022-08-29 11:49:08.601 DEBUG 94484 --- [           main] o.h.engine.internal.TwoPhaseLoad         : Done materializing entity [me.iseunghan.testjpa.domain.Member#1]
2022-08-29 11:49:08.603 DEBUG 94484 --- [           main] .l.e.p.AbstractLoadPlanBasedEntityLoader : Done entity load : me.iseunghan.testjpa.domain.Member#1
2022-08-29 11:49:08.605 TRACE 94484 --- [           main] o.s.t.i.TransactionInterceptor           : Completing transaction for [org.springframework.data.jpa.repository.support.SimpleJpaRepository.findById]
2022-08-29 11:49:08.606 DEBUG 94484 --- [           main] o.s.orm.jpa.JpaTransactionManager        : Initiating transaction commit
2022-08-29 11:49:08.606 DEBUG 94484 --- [           main] o.s.orm.jpa.JpaTransactionManager        : Committing JPA transaction on EntityManager [SessionImpl(449256327<open>)]
2022-08-29 11:49:08.606 DEBUG 94484 --- [           main] o.h.e.t.internal.TransactionImpl         : committing
2022-08-29 11:49:08.607 DEBUG 94484 --- [           main] o.s.orm.jpa.JpaTransactionManager        : Closing JPA EntityManager [SessionImpl(449256327<open>)] after transaction
2022-08-29 11:49:08.608 DEBUG 94484 --- [           main] o.s.orm.jpa.JpaTransactionManager        : Resuming suspended transaction after completion of inner transaction
NOT_SUPPORTED---------------
2022-08-29 11:49:08.608 TRACE 94484 --- [           main] o.s.t.i.TransactionInterceptor           : Completing transaction for [me.iseunghan.testjpa.domain.TeamService.기존_트랜잭션_중지_후_트랜잭션_없이_진행]
2022-08-29 11:49:08.608 DEBUG 94484 --- [           main] o.s.orm.jpa.JpaTransactionManager        : Resuming suspended transaction after completion of inner transaction
----------------
2022-08-29 11:49:08.608 TRACE 94484 --- [           main] o.s.t.i.TransactionInterceptor           : Completing transaction for [me.iseunghan.testjpa.domain.MemberService.call_NOT_SUPPORTED_Tx]
2022-08-29 11:49:08.608 DEBUG 94484 --- [           main] o.s.orm.jpa.JpaTransactionManager        : Initiating transaction commit
2022-08-29 11:49:08.608 DEBUG 94484 --- [           main] o.s.orm.jpa.JpaTransactionManager        : Committing JPA transaction on EntityManager [SessionImpl(106050729<open>)]
2022-08-29 11:49:08.608 DEBUG 94484 --- [           main] o.h.e.t.internal.TransactionImpl         : committing
2022-08-29 11:49:08.608 DEBUG 94484 --- [           main] o.h.e.i.AbstractFlushingEventListener    : Processing flush-time cascades
2022-08-29 11:49:08.608 DEBUG 94484 --- [           main] o.h.e.i.AbstractFlushingEventListener    : Dirty checking collections
2022-08-29 11:49:08.608 DEBUG 94484 --- [           main] o.h.e.i.AbstractFlushingEventListener    : Flushed: 0 insertions, 0 updates, 0 deletions to 1 objects
2022-08-29 11:49:08.608 DEBUG 94484 --- [           main] o.h.e.i.AbstractFlushingEventListener    : Flushed: 0 (re)creations, 0 updates, 0 removals to 0 collections
2022-08-29 11:49:08.608 DEBUG 94484 --- [           main] o.hibernate.internal.util.EntityPrinter  : Listing entities:
2022-08-29 11:49:08.608 DEBUG 94484 --- [           main] o.hibernate.internal.util.EntityPrinter  : me.iseunghan.testjpa.domain.Member{name=null, id=1, team=null}
2022-08-29 11:49:08.609 DEBUG 94484 --- [           main] o.s.orm.jpa.JpaTransactionManager        : Closing JPA EntityManager [SessionImpl(106050729<open>)] after transaction
